[2017-03-14 15:27:19.157] [ERROR] app - error RangeError: Invalid status code: 2000
    at ServerResponse.writeHead (_http_server.js:195:11)
    at ServerResponse._implicitHeader (_http_server.js:159:8)
    at ServerResponse.end (_http_outgoing.js:621:10)
    at ServerResponse.send (D:\git\github\myTestRepository\nodeproject\fileOption\node_modules\express\lib\response.js:205:10)
    at Timeout._onTimeout (D:\git\github\myTestRepository\nodeproject\fileOption\connectRoute.js:45:13)
    at ontimeout (timers.js:380:14)
    at tryOnTimeout (timers.js:244:5)
    at Timer.listOnTimeout (timers.js:214:5)
[2017-03-14 15:28:05.456] [ERROR] app - error RangeError: Invalid status code: 2000
    at ServerResponse.writeHead (_http_server.js:195:11)
    at ServerResponse._implicitHeader (_http_server.js:159:8)
    at ServerResponse.end (_http_outgoing.js:621:10)
    at ServerResponse.send (D:\git\github\myTestRepository\nodeproject\fileOption\node_modules\express\lib\response.js:205:10)
    at Timeout._onTimeout (D:\git\github\myTestRepository\nodeproject\fileOption\connectRoute.js:45:13)
    at ontimeout (timers.js:380:14)
    at tryOnTimeout (timers.js:244:5)
    at Timer.listOnTimeout (timers.js:214:5)
[2017-03-14 15:30:05.483] [ERROR] app - error RangeError: Invalid status code: 2000
    at ServerResponse.writeHead (_http_server.js:195:11)
    at ServerResponse._implicitHeader (_http_server.js:159:8)
    at ServerResponse.end (_http_outgoing.js:621:10)
    at ServerResponse.send (D:\git\github\myTestRepository\nodeproject\fileOption\node_modules\express\lib\response.js:205:10)
    at Timeout._onTimeout (D:\git\github\myTestRepository\nodeproject\fileOption\connectRoute.js:45:13)
    at ontimeout (timers.js:380:14)
    at tryOnTimeout (timers.js:244:5)
    at Timer.listOnTimeout (timers.js:214:5)
[2017-03-14 15:31:40.193] [ERROR] app - error RangeError: Invalid status code: 2000
    at ServerResponse.writeHead (_http_server.js:195:11)
    at ServerResponse._implicitHeader (_http_server.js:159:8)
    at ServerResponse.end (_http_outgoing.js:621:10)
    at ServerResponse.send (D:\git\github\myTestRepository\nodeproject\fileOption\node_modules\express\lib\response.js:205:10)
    at Timeout._onTimeout (D:\git\github\myTestRepository\nodeproject\fileOption\connectRoute.js:45:13)
    at ontimeout (timers.js:380:14)
    at tryOnTimeout (timers.js:244:5)
    at Timer.listOnTimeout (timers.js:214:5)
[2017-03-14 15:31:54.853] [ERROR] app - error RangeError: Invalid status code: 2000
    at ServerResponse.writeHead (_http_server.js:195:11)
    at ServerResponse._implicitHeader (_http_server.js:159:8)
    at ServerResponse.end (_http_outgoing.js:621:10)
    at ServerResponse.send (D:\git\github\myTestRepository\nodeproject\fileOption\node_modules\express\lib\response.js:205:10)
    at Timeout._onTimeout (D:\git\github\myTestRepository\nodeproject\fileOption\connectRoute.js:45:13)
    at ontimeout (timers.js:380:14)
    at tryOnTimeout (timers.js:244:5)
    at Timer.listOnTimeout (timers.js:214:5)
[2017-03-14 15:33:08.205] [ERROR] app - error RangeError: Invalid status code: 2000
    at ServerResponse.writeHead (_http_server.js:195:11)
    at ServerResponse._implicitHeader (_http_server.js:159:8)
    at ServerResponse.end (_http_outgoing.js:621:10)
    at ServerResponse.send (D:\git\github\myTestRepository\nodeproject\fileOption\node_modules\express\lib\response.js:205:10)
    at Timeout._onTimeout (D:\git\github\myTestRepository\nodeproject\fileOption\connectRoute.js:45:13)
    at ontimeout (timers.js:380:14)
    at tryOnTimeout (timers.js:244:5)
    at Timer.listOnTimeout (timers.js:214:5)
[2017-03-14 15:44:57.564] [ERROR] app - error RangeError: Invalid status code: 2000
    at ServerResponse.writeHead (_http_server.js:195:11)
    at ServerResponse._implicitHeader (_http_server.js:159:8)
    at ServerResponse.end (_http_outgoing.js:621:10)
    at ServerResponse.send (D:\git\github\myTestRepository\nodeproject\fileOption\node_modules\express\lib\response.js:205:10)
    at Timeout._onTimeout (D:\git\github\myTestRepository\nodeproject\fileOption\connectRoute.js:45:13)
    at ontimeout (timers.js:380:14)
    at tryOnTimeout (timers.js:244:5)
    at Timer.listOnTimeout (timers.js:214:5)
[2017-03-14 15:50:43.434] [ERROR] app - error RangeError: Invalid status code: 2000
    at ServerResponse.writeHead (_http_server.js:195:11)
    at ServerResponse._implicitHeader (_http_server.js:159:8)
    at ServerResponse.end (_http_outgoing.js:621:10)
    at ServerResponse.send (D:\git\github\myTestRepository\nodeproject\fileOption\node_modules\express\lib\response.js:205:10)
    at Timeout._onTimeout (D:\git\github\myTestRepository\nodeproject\fileOption\connectRoute.js:45:13)
    at ontimeout (timers.js:380:14)
    at tryOnTimeout (timers.js:244:5)
    at Timer.listOnTimeout (timers.js:214:5)
[2017-03-14 15:50:55.273] [ERROR] app - error RangeError: Invalid status code: 2000
    at ServerResponse.writeHead (_http_server.js:195:11)
    at ServerResponse._implicitHeader (_http_server.js:159:8)
    at ServerResponse.end (_http_outgoing.js:621:10)
    at ServerResponse.send (D:\git\github\myTestRepository\nodeproject\fileOption\node_modules\express\lib\response.js:205:10)
    at Timeout._onTimeout (D:\git\github\myTestRepository\nodeproject\fileOption\connectRoute.js:45:13)
    at ontimeout (timers.js:380:14)
    at tryOnTimeout (timers.js:244:5)
    at Timer.listOnTimeout (timers.js:214:5)
[2017-03-14 15:51:58.107] [ERROR] app - error RangeError: Invalid status code: 2000
    at ServerResponse.writeHead (_http_server.js:195:11)
    at ServerResponse._implicitHeader (_http_server.js:159:8)
    at ServerResponse.end (_http_outgoing.js:621:10)
    at ServerResponse.send (D:\git\github\myTestRepository\nodeproject\fileOption\node_modules\express\lib\response.js:205:10)
    at Timeout._onTimeout (D:\git\github\myTestRepository\nodeproject\fileOption\connectRoute.js:45:13)
    at ontimeout (timers.js:380:14)
    at tryOnTimeout (timers.js:244:5)
    at Timer.listOnTimeout (timers.js:214:5)
[2017-03-14 15:52:08.465] [ERROR] app - error RangeError: Invalid status code: 2000
    at ServerResponse.writeHead (_http_server.js:195:11)
    at ServerResponse._implicitHeader (_http_server.js:159:8)
    at ServerResponse.end (_http_outgoing.js:621:10)
    at ServerResponse.send (D:\git\github\myTestRepository\nodeproject\fileOption\node_modules\express\lib\response.js:205:10)
    at Timeout._onTimeout (D:\git\github\myTestRepository\nodeproject\fileOption\connectRoute.js:45:13)
    at ontimeout (timers.js:380:14)
    at tryOnTimeout (timers.js:244:5)
    at Timer.listOnTimeout (timers.js:214:5)
[2017-03-14 15:54:32.713] [ERROR] app - error TypeError: Cannot read property 'toString' of undefined
    at Timeout._onTimeout (D:\git\github\myTestRepository\nodeproject\fileOption\connectRoute.js:56:36)
    at ontimeout (timers.js:380:14)
    at tryOnTimeout (timers.js:244:5)
    at Timer.listOnTimeout (timers.js:214:5)
